2024-02-07 07:50:28,368 - process_api - INFO - run schema: "lookup_tree"
2024-02-07 07:50:28,368 - process_api - INFO - run process: "main"
2024-02-07 07:50:28,368 - process_api - INFO - run step: "start"
2024-02-07 07:50:28,368 - process_api - INFO - perform navigate: ${state.server}/#dashboard/WorkOrder
2024-02-07 07:50:28,389 - process_api - INFO - run step: "wait_for_dashboard_grid_to_be_ready"
2024-02-07 07:50:28,389 - process_api - INFO - wait for attribute: {'query': '#dashboard-grid', 'attr': 'status', 'value': 'ready'}
2024-02-07 07:50:29,184 - process_api - INFO - run step: "set_uuid_variables"
2024-02-07 07:50:29,184 - process_api - INFO - perform set_uuid_variables {'variables': ['$d{codeName}', '$d{description}']}
2024-02-07 07:50:29,187 - process_api - INFO - run step: "create_work_order_process"
2024-02-07 07:50:29,191 - process_api - INFO - template: workOrderCreate work_order_create {'create_btn_selector': 'pragma-panel-bar #create', 'description_field_selector': 'd69fff59-fa2a-42e3-ad13-fc67ee084ad1', 'work_required_field_selector': 'd69fff59-fa2a-42e3-ad13-fc67ee084ad1', 'work_order_code': '0f17b238-9236-4d28-8103-1066f9d0849b'}
2024-02-07 07:50:29,191 - process_api - INFO - run step: "start"
2024-02-07 07:50:29,191 - process_api - INFO - perform click on pragma-panel-bar #create
2024-02-07 07:50:29,277 - process_api - INFO - run step: "wait_for_description_field"
2024-02-07 07:50:29,277 - process_api - INFO - wait for element: {'query': "dynamic-create[data-template='WorkOrderCreate'] #lbl-description"}
2024-02-07 07:50:29,770 - process_api - INFO - run step: "fill_in_description"
2024-02-07 07:50:29,770 - process_api - INFO - perform type_text {'query': "dynamic-create[data-template='WorkOrderCreate'] #lbl-description", 'value': 'd69fff59-fa2a-42e3-ad13-fc67ee084ad1'}
2024-02-07 07:50:30,390 - process_api - INFO - run step: "fill_in_code"
2024-02-07 07:50:30,390 - process_api - INFO - perform type_text {'query': "[id='model.code'] #lbl-code", 'value': '0f17b238-9236-4d28-8103-1066f9d0849b'}
2024-02-07 07:50:30,963 - process_api - INFO - run step: "click_asset_code"
2024-02-07 07:50:30,963 - process_api - INFO - perform click on dynamic-create pragma-label-composite[label='Asset'] #btnLookup
2024-02-07 07:50:31,044 - process_api - INFO - run step: "select_asset_code_record"
2024-02-07 07:50:31,044 - process_api - INFO - perform dbl_click on pragma-lookup .grid-row
2024-02-07 07:50:32,297 - process_api - INFO - run step: "wait_for_asset_code_to_finish"
2024-02-07 07:50:32,297 - process_api - INFO - wait for time: {'timeout': 2}
2024-02-07 07:50:34,309 - process_api - INFO - run step: "click_work_tab"
2024-02-07 07:50:34,309 - process_api - INFO - perform click on dynamic-create div#items #pb-1_work
2024-02-07 07:50:34,393 - process_api - INFO - run step: "wait_for_work_tab"
2024-02-07 07:50:34,393 - process_api - INFO - wait for element: {'query': "dynamic-create pragma-label-composite[label='Work Required'] #lbl-workRequired"}
2024-02-07 07:50:34,425 - process_api - INFO - run step: "type_text_in_work_required"
2024-02-07 07:50:34,425 - process_api - INFO - perform type_text {'query': "dynamic-create pragma-label-composite[label='Work Required'] #lbl-workRequired", 'value': 'd69fff59-fa2a-42e3-ad13-fc67ee084ad1'}
2024-02-07 07:50:35,107 - process_api - INFO - run step: "click_planning_tab"
2024-02-07 07:50:35,107 - process_api - INFO - perform click on dynamic-create div#items #pb-3_planning
2024-02-07 07:50:35,192 - process_api - INFO - run step: "wait_for_planning_tab"
2024-02-07 07:50:35,192 - process_api - INFO - wait for element: {'query': "pragma-group[title='Planning']"}
2024-02-07 07:50:35,225 - process_api - INFO - run step: "click_type_of_work_lookup"
2024-02-07 07:50:35,225 - process_api - INFO - perform click on dynamic-create pragma-label-composite[label='Type Of Work'] #btnLookup
2024-02-07 07:50:35,292 - process_api - INFO - run step: "wait_for_type_records_records"
2024-02-07 07:50:35,292 - process_api - INFO - wait for time: {'timeout': 2}
2024-02-07 07:50:37,316 - process_api - INFO - run step: "select_first_type_work_record"
2024-02-07 07:50:37,316 - process_api - INFO - perform dbl_click on pragma-lookup .grid-row
2024-02-07 07:50:37,652 - process_api - INFO - run step: "wait_for_type_work_grid_to_finish"
2024-02-07 07:50:37,652 - process_api - INFO - wait for time: {'timeout': 2}
2024-02-07 07:50:39,668 - process_api - INFO - run step: "wait_for_section_code_Lookup_to_be_visible"
2024-02-07 07:50:39,668 - process_api - INFO - wait for element: {'query': "[data-field='model.sectionCode'] #btnLookup"}
2024-02-07 07:50:39,705 - process_api - INFO - run step: "click_section_code_lookup"
2024-02-07 07:50:39,706 - process_api - INFO - perform click on [data-field='model.sectionCode'] #btnLookup
2024-02-07 07:50:39,770 - process_api - INFO - run step: "wait_for_section_lookup_to_be_visible"
2024-02-07 07:50:39,770 - process_api - INFO - wait for element: {'query': '#sectionCode-lookup .items-container-parent .grid-row'}
2024-02-07 07:50:40,111 - process_api - INFO - run step: "select_section_code_record"
2024-02-07 07:50:40,111 - process_api - INFO - perform dbl_click on #sectionCode-lookup .items-container-parent .grid-row
2024-02-07 07:50:40,461 - process_api - INFO - run step: "wait_for_trade_code_to_be_visible"
2024-02-07 07:50:40,462 - process_api - INFO - wait for element: {'query': "#planning [id='model.tradeCode'] #btnLookup"}
2024-02-07 07:50:40,541 - process_api - INFO - run step: "click_trade_code_lookup"
2024-02-07 07:50:40,541 - process_api - INFO - perform click on #planning [id='model.tradeCode'] #btnLookup
2024-02-07 07:50:40,619 - process_api - INFO - run step: "wait_for_trade_code_lookup_to_be_visible"
2024-02-07 07:50:40,620 - process_api - INFO - wait for element: {'query': '#tradeCode-lookup .items-container-parent .grid-row'}
2024-02-07 07:50:42,271 - process_api - INFO - run step: "select_trade_code_record"
2024-02-07 07:50:42,271 - process_api - INFO - perform dbl_click on #tradeCode-lookup .items-container-parent .grid-row
2024-02-07 07:50:42,651 - process_api - INFO - run step: "wait_for_staff_member_code_to_be_visible"
2024-02-07 07:50:42,651 - process_api - INFO - wait for element: {'query': "#planning [data-field='model.staffMemberCode'] #btnLookup"}
2024-02-07 07:50:42,826 - process_api - INFO - run step: "click_staff_member_code_lookup"
2024-02-07 07:50:42,826 - process_api - INFO - perform click on [data-field='model.staffMemberCode'] #btnLookup
2024-02-07 07:50:42,900 - process_api - INFO - run step: "wait_for_staff_member_code_lookup_to_be_visible"
2024-02-07 07:50:42,900 - process_api - INFO - wait for element: {'query': '#staffMemberCode-lookup .items-container-parent .grid-row'}
2024-02-07 07:50:43,211 - process_api - INFO - run step: "select_staff_member_code_record"
2024-02-07 07:50:43,211 - process_api - INFO - perform dbl_click on #staffMemberCode-lookup .items-container-parent .grid-row
2024-02-07 07:50:43,599 - process_api - INFO - run step: "wait_for_save_and_close"
2024-02-07 07:50:43,599 - process_api - INFO - wait for element: {'query': 'dynamic-create pragma-action-button#primary'}
2024-02-07 07:50:43,776 - process_api - INFO - run step: "click_save_and_close"
2024-02-07 07:50:43,776 - process_api - INFO - perform click on dynamic-create pragma-action-button#primary
2024-02-07 07:50:43,856 - process_api - INFO - run step: "wait_for_work_order_to_be_created"
2024-02-07 07:50:43,856 - process_api - INFO - wait for attribute: {'query': 'pragma-advanced-grid#dashboard-grid', 'attr': 'data-loaded', 'value': 'true'}
2024-02-07 07:50:43,906 - process_api - INFO - run step: "filter_work_order_record"
2024-02-07 07:50:43,906 - process_api - INFO - template: filterRecord filter_for_record {'fetch_all_records_selector': "[for='dashboard-grid'] #prepared-fetch", 'filter_button_selector': '.dashboard pr-responsive-dropdown#rd-3 #search-button', 'filter_input_selector': ".dashboard pr-responsive-dropdown#rd-3 pragma-filter input[type='search']", 'filter_value': '0f17b238-9236-4d28-8103-1066f9d0849b', 'internal_filter_btn_selector': '.dashboard pr-responsive-dropdown#rd-3 #filter'}
2024-02-07 07:50:43,906 - process_api - INFO - run step: "start"
2024-02-07 07:50:43,906 - process_api - INFO - perform click on [for='dashboard-grid'] #prepared-fetch
2024-02-07 07:50:44,089 - process_api - INFO - run step: "wait_for_data_loaded"
2024-02-07 07:50:44,089 - process_api - INFO - wait for time: {'timeout': 3}
2024-02-07 07:50:47,100 - process_api - INFO - run step: "click_filter_button_selector"
2024-02-07 07:50:47,101 - process_api - INFO - perform click on .dashboard pr-responsive-dropdown#rd-3 #search-button
2024-02-07 07:50:47,210 - process_api - INFO - run step: "type_in_filter_input"
2024-02-07 07:50:47,210 - process_api - INFO - perform type_text {'query': ".dashboard pr-responsive-dropdown#rd-3 pragma-filter input[type='search']", 'value': '0f17b238-9236-4d28-8103-1066f9d0849b'}
2024-02-07 07:50:47,834 - process_api - INFO - run step: "filter_records"
2024-02-07 07:50:47,834 - process_api - INFO - perform click on .dashboard pr-responsive-dropdown#rd-3 #filter
2024-02-07 07:50:47,938 - process_api - INFO - run step: "wait_for_filter"
2024-02-07 07:50:47,938 - process_api - INFO - wait for time: {'timeout': 1}
2024-02-07 07:50:48,957 - process_api - INFO - run step: "dblClick_first_wo_record"
2024-02-07 07:50:48,957 - process_api - INFO - perform dbl_click on pragma-advanced-grid#dashboard-grid .grid-row
2024-02-07 07:50:49,301 - process_api - INFO - run step: "wait_for_asset_code_element"
2024-02-07 07:50:49,301 - process_api - INFO - wait for element: {'query': "dynamic-update [id='model.assetCode']"}
2024-02-07 07:50:50,332 - process_api - INFO - run step: "click_tree_lookup"
2024-02-07 07:50:50,332 - process_api - INFO - perform click on dynamic-update [id='model.assetCode'] #btnTreeLookup
2024-02-07 07:50:50,581 - process_api - INFO - run step: "wait_for_asset_tree"
2024-02-07 07:50:50,581 - process_api - INFO - wait for attribute: {'query': '#asset-tree', 'attr': 'status', 'value': 'ready'}
2024-02-07 07:50:51,341 - process_api - INFO - run step: "wait_for_first_asset"
2024-02-07 07:50:51,342 - process_api - INFO - wait for element: {'query': 'asset-tree .tree-item:nth-child(2)'}
2024-02-07 07:50:51,391 - process_api - INFO - run step: "click_asset_expand_arrow"
2024-02-07 07:50:51,392 - process_api - INFO - perform click on asset-tree .tree-item:nth-child(2) .tree-item-actions div
2024-02-07 07:50:51,482 - process_api - INFO - run step: "wait_for_asset"
2024-02-07 07:50:51,482 - process_api - INFO - wait for element: {'query': 'asset-tree .tree-item:nth-child(3) .tree-item-actions div'}
2024-02-07 07:50:51,524 - process_api - INFO - run step: "select_sub_asset"
2024-02-07 07:50:51,524 - process_api - INFO - perform click on asset-tree .tree-item:nth-child(1)
2024-02-07 07:50:52,642 - process_api - ERROR - Message: stale element reference: stale element not found
  (Session info: chrome=118.0.5993.70); For documentation on this error, please visit: https://www.selenium.dev/documentation/webdriver/troubleshooting/errors#stale-element-reference-exception
Stacktrace:
	GetHandleVerifier [0x00007FF7D6248EF2+54786]
	(No symbol) [0x00007FF7D61B5612]
	(No symbol) [0x00007FF7D606A64B]
	(No symbol) [0x00007FF7D606F116]
	(No symbol) [0x00007FF7D607115F]
	(No symbol) [0x00007FF7D6071250]
	(No symbol) [0x00007FF7D60AD265]
	(No symbol) [0x00007FF7D60A2796]
	(No symbol) [0x00007FF7D60CBE6A]
	(No symbol) [0x00007FF7D60A22E6]
	(No symbol) [0x00007FF7D60CC080]
	(No symbol) [0x00007FF7D60E4D02]
	(No symbol) [0x00007FF7D60CBC43]
	(No symbol) [0x00007FF7D60A0941]
	(No symbol) [0x00007FF7D60A1B84]
	GetHandleVerifier [0x00007FF7D6597F52+3524194]
	GetHandleVerifier [0x00007FF7D65ED800+3874576]
	GetHandleVerifier [0x00007FF7D65E5D7F+3843215]
	GetHandleVerifier [0x00007FF7D62E5086+694166]
	(No symbol) [0x00007FF7D61C0A88]
	(No symbol) [0x00007FF7D61BCA94]
	(No symbol) [0x00007FF7D61BCBC2]
	(No symbol) [0x00007FF7D61ACC83]
	BaseThreadInitThunk [0x00007FFA01AB257D+29]
	RtlUserThreadStart [0x00007FFA03D2AA58+40]

2024-02-07 07:50:52,657 - process_api - ERROR - Traceback (most recent call last):
  File "C:\PragmaDev\ui_testing_service\process_api\modules\selenium\automation\perform.py", line 28, in perform
    await Actions.__dict__[action](driver, element, chain, args)
  File "C:\PragmaDev\ui_testing_service\process_api\modules\selenium\automation\perform.py", line 38, in click
    element.click()
  File "C:\PragmaDev\ui_testing_service\venv\lib\site-packages\selenium\webdriver\remote\webelement.py", line 94, in click
    self._execute(Command.CLICK_ELEMENT)
  File "C:\PragmaDev\ui_testing_service\venv\lib\site-packages\selenium\webdriver\remote\webelement.py", line 395, in _execute
    return self._parent.execute(command, params)
  File "C:\PragmaDev\ui_testing_service\venv\lib\site-packages\selenium\webdriver\remote\webdriver.py", line 347, in execute
    self.error_handler.check_response(response)
  File "C:\PragmaDev\ui_testing_service\venv\lib\site-packages\selenium\webdriver\remote\errorhandler.py", line 229, in check_response
    raise exception_class(message, screen, stacktrace)
selenium.common.exceptions.StaleElementReferenceException: Message: stale element reference: stale element not found
  (Session info: chrome=118.0.5993.70); For documentation on this error, please visit: https://www.selenium.dev/documentation/webdriver/troubleshooting/errors#stale-element-reference-exception
Stacktrace:
	GetHandleVerifier [0x00007FF7D6248EF2+54786]
	(No symbol) [0x00007FF7D61B5612]
	(No symbol) [0x00007FF7D606A64B]
	(No symbol) [0x00007FF7D606F116]
	(No symbol) [0x00007FF7D607115F]
	(No symbol) [0x00007FF7D6071250]
	(No symbol) [0x00007FF7D60AD852]
	(No symbol) [0x00007FF7D60AC8FA]
	(No symbol) [0x00007FF7D60A29CF]
	(No symbol) [0x00007FF7D60CBE6A]
	(No symbol) [0x00007FF7D60A22E6]
	(No symbol) [0x00007FF7D60CC080]
	(No symbol) [0x00007FF7D60E4D02]
	(No symbol) [0x00007FF7D60CBC43]
	(No symbol) [0x00007FF7D60A0941]
	(No symbol) [0x00007FF7D60A1B84]
	GetHandleVerifier [0x00007FF7D6597F52+3524194]
	GetHandleVerifier [0x00007FF7D65ED800+3874576]
	GetHandleVerifier [0x00007FF7D65E5D7F+3843215]
	GetHandleVerifier [0x00007FF7D62E5086+694166]
	(No symbol) [0x00007FF7D61C0A88]
	(No symbol) [0x00007FF7D61BCA94]
	(No symbol) [0x00007FF7D61BCBC2]
	(No symbol) [0x00007FF7D61ACC83]
	BaseThreadInitThunk [0x00007FFA01AB257D+29]
	RtlUserThreadStart [0x00007FFA03D2AA58+40]


During handling of the above exception, another exception occurred:

Traceback (most recent call last):
  File "C:\PragmaDev\ui_testing_service\process_api\__init__.py", line 82, in run
    return await self.process_runner.run_step(self, step, ctx, process, item, callback)
  File "C:\PragmaDev\ui_testing_service\process_api\process_runner.py", line 32, in run_step
    result = await function(api, step, ctx, process, item)
  File "C:\PragmaDev\ui_testing_service\process_api\modules\selenium\__init__.py", line 79, in perform
    await perform(selenium_driver, step["args"])
  File "C:\PragmaDev\ui_testing_service\process_api\modules\selenium\automation\perform.py", line 31, in perform
    await Actions.__dict__[action](driver, element, chain, args)
  File "C:\PragmaDev\ui_testing_service\process_api\modules\selenium\automation\perform.py", line 38, in click
    element.click()
  File "C:\PragmaDev\ui_testing_service\venv\lib\site-packages\selenium\webdriver\remote\webelement.py", line 94, in click
    self._execute(Command.CLICK_ELEMENT)
  File "C:\PragmaDev\ui_testing_service\venv\lib\site-packages\selenium\webdriver\remote\webelement.py", line 395, in _execute
    return self._parent.execute(command, params)
  File "C:\PragmaDev\ui_testing_service\venv\lib\site-packages\selenium\webdriver\remote\webdriver.py", line 347, in execute
    self.error_handler.check_response(response)
  File "C:\PragmaDev\ui_testing_service\venv\lib\site-packages\selenium\webdriver\remote\errorhandler.py", line 229, in check_response
    raise exception_class(message, screen, stacktrace)
selenium.common.exceptions.StaleElementReferenceException: Message: stale element reference: stale element not found
  (Session info: chrome=118.0.5993.70); For documentation on this error, please visit: https://www.selenium.dev/documentation/webdriver/troubleshooting/errors#stale-element-reference-exception
Stacktrace:
	GetHandleVerifier [0x00007FF7D6248EF2+54786]
	(No symbol) [0x00007FF7D61B5612]
	(No symbol) [0x00007FF7D606A64B]
	(No symbol) [0x00007FF7D606F116]
	(No symbol) [0x00007FF7D607115F]
	(No symbol) [0x00007FF7D6071250]
	(No symbol) [0x00007FF7D60AD265]
	(No symbol) [0x00007FF7D60A2796]
	(No symbol) [0x00007FF7D60CBE6A]
	(No symbol) [0x00007FF7D60A22E6]
	(No symbol) [0x00007FF7D60CC080]
	(No symbol) [0x00007FF7D60E4D02]
	(No symbol) [0x00007FF7D60CBC43]
	(No symbol) [0x00007FF7D60A0941]
	(No symbol) [0x00007FF7D60A1B84]
	GetHandleVerifier [0x00007FF7D6597F52+3524194]
	GetHandleVerifier [0x00007FF7D65ED800+3874576]
	GetHandleVerifier [0x00007FF7D65E5D7F+3843215]
	GetHandleVerifier [0x00007FF7D62E5086+694166]
	(No symbol) [0x00007FF7D61C0A88]
	(No symbol) [0x00007FF7D61BCA94]
	(No symbol) [0x00007FF7D61BCBC2]
	(No symbol) [0x00007FF7D61ACC83]
	BaseThreadInitThunk [0x00007FFA01AB257D+29]
	RtlUserThreadStart [0x00007FFA03D2AA58+40]


2024-02-07 07:50:52,921 - process_api - INFO - Task bf41b6ae-1c23-4e9d-b177-ac5503734344 completed in 00:00:24:303
