2024-01-29 15:30:39,718 - process_api - INFO - run schema: "lookup_tree"
2024-01-29 15:30:39,718 - process_api - INFO - run process: "main"
2024-01-29 15:30:39,718 - process_api - INFO - run step: "start"
2024-01-29 15:30:39,718 - process_api - INFO - perform navigate: ${state.server}/#dashboard/WorkOrder
2024-01-29 15:30:39,738 - process_api - INFO - run step: "wait_for_dashboard_grid_to_be_ready"
2024-01-29 15:30:39,739 - process_api - INFO - wait for attribute: {'query': '#dashboard-grid', 'attr': 'status', 'value': 'ready'}
2024-01-29 15:30:41,466 - process_api - INFO - run step: "set_uuid_variables"
2024-01-29 15:30:41,466 - process_api - INFO - perform set_uuid_variables {'variables': ['$d{codeName}', '$d{description}']}
2024-01-29 15:30:41,470 - process_api - INFO - run step: "create_work_order_process"
2024-01-29 15:30:41,471 - process_api - INFO - template: workOrderCreate work_order_create {'create_btn_selector': 'pragma-panel-bar #create', 'description_field_selector': '44d09f29-a567-46e8-bb9d-cf7036ebf0d0', 'work_required_field_selector': '44d09f29-a567-46e8-bb9d-cf7036ebf0d0', 'work_order_code': '3756311f-b74f-4146-93e9-d320c96d9146'}
2024-01-29 15:30:41,471 - process_api - INFO - run step: "start"
2024-01-29 15:30:41,471 - process_api - INFO - perform click on pragma-panel-bar #create
2024-01-29 15:30:41,565 - process_api - INFO - run step: "wait_for_description_field"
2024-01-29 15:30:41,565 - process_api - INFO - wait for element: {'query': "dynamic-create[data-template='WorkOrderCreate'] #lbl-description"}
2024-01-29 15:30:42,093 - process_api - INFO - run step: "fill_in_description"
2024-01-29 15:30:42,093 - process_api - INFO - perform type_text {'query': "dynamic-create[data-template='WorkOrderCreate'] #lbl-description", 'value': '44d09f29-a567-46e8-bb9d-cf7036ebf0d0'}
2024-01-29 15:30:42,701 - process_api - INFO - run step: "fill_in_code"
2024-01-29 15:30:42,701 - process_api - INFO - perform type_text {'query': "[id='model.code'] #lbl-code", 'value': '3756311f-b74f-4146-93e9-d320c96d9146'}
2024-01-29 15:30:43,386 - process_api - INFO - run step: "click_asset_code"
2024-01-29 15:30:43,386 - process_api - INFO - perform click on dynamic-create pragma-label-composite[label='Asset'] #btnLookup
2024-01-29 15:30:43,494 - process_api - INFO - run step: "select_asset_code_record"
2024-01-29 15:30:43,494 - process_api - INFO - perform dbl_click on pragma-lookup .grid-row
2024-01-29 15:30:44,693 - process_api - INFO - run step: "wait_for_asset_code_to_finish"
2024-01-29 15:30:44,693 - process_api - INFO - wait for time: {'timeout': 2}
2024-01-29 15:30:46,705 - process_api - INFO - run step: "click_work_tab"
2024-01-29 15:30:46,705 - process_api - INFO - perform click on dynamic-create div#items #pb-1_work
2024-01-29 15:30:46,798 - process_api - INFO - run step: "wait_for_work_tab"
2024-01-29 15:30:46,798 - process_api - INFO - wait for element: {'query': "dynamic-create pragma-label-composite[label='Work Required'] #lbl-workRequired"}
2024-01-29 15:30:46,833 - process_api - INFO - run step: "type_text_in_work_required"
2024-01-29 15:30:46,833 - process_api - INFO - perform type_text {'query': "dynamic-create pragma-label-composite[label='Work Required'] #lbl-workRequired", 'value': '44d09f29-a567-46e8-bb9d-cf7036ebf0d0'}
2024-01-29 15:30:47,456 - process_api - INFO - run step: "click_planning_tab"
2024-01-29 15:30:47,456 - process_api - INFO - perform click on dynamic-create div#items #pb-3_planning
2024-01-29 15:30:47,546 - process_api - INFO - run step: "wait_for_planning_tab"
2024-01-29 15:30:47,546 - process_api - INFO - wait for element: {'query': "pragma-group[title='Planning']"}
2024-01-29 15:30:47,582 - process_api - INFO - run step: "click_type_of_work_lookup"
2024-01-29 15:30:47,582 - process_api - INFO - perform click on dynamic-create pragma-label-composite[label='Type Of Work'] #btnLookup
2024-01-29 15:30:47,661 - process_api - INFO - run step: "wait_for_type_records_records"
2024-01-29 15:30:47,661 - process_api - INFO - wait for time: {'timeout': 2}
2024-01-29 15:30:49,677 - process_api - INFO - run step: "select_first_type_work_record"
2024-01-29 15:30:49,677 - process_api - INFO - perform dbl_click on pragma-lookup .grid-row
2024-01-29 15:30:50,006 - process_api - INFO - run step: "wait_for_type_work_grid_to_finish"
2024-01-29 15:30:50,006 - process_api - INFO - wait for time: {'timeout': 2}
2024-01-29 15:30:52,011 - process_api - INFO - run step: "wait_for_section_code_Lookup_to_be_visible"
2024-01-29 15:30:52,011 - process_api - INFO - wait for element: {'query': "[data-field='model.sectionCode'] #btnLookup"}
2024-01-29 15:30:52,053 - process_api - INFO - run step: "click_section_code_lookup"
2024-01-29 15:30:52,053 - process_api - INFO - perform click on [data-field='model.sectionCode'] #btnLookup
2024-01-29 15:30:52,132 - process_api - INFO - run step: "wait_for_section_lookup_to_be_visible"
2024-01-29 15:30:52,132 - process_api - INFO - wait for element: {'query': '#sectionCode-lookup .items-container-parent .grid-row'}
2024-01-29 15:30:52,376 - process_api - INFO - run step: "select_section_code_record"
2024-01-29 15:30:52,376 - process_api - INFO - perform dbl_click on #sectionCode-lookup .items-container-parent .grid-row
2024-01-29 15:30:52,737 - process_api - INFO - run step: "wait_for_trade_code_to_be_visible"
2024-01-29 15:30:52,737 - process_api - INFO - wait for element: {'query': "#planning [id='model.tradeCode'] #btnLookup"}
2024-01-29 15:30:52,910 - process_api - INFO - run step: "click_trade_code_lookup"
2024-01-29 15:30:52,910 - process_api - INFO - perform click on #planning [id='model.tradeCode'] #btnLookup
2024-01-29 15:30:52,994 - process_api - INFO - run step: "wait_for_trade_code_lookup_to_be_visible"
2024-01-29 15:30:52,994 - process_api - INFO - wait for element: {'query': '#tradeCode-lookup .items-container-parent .grid-row'}
2024-01-29 15:30:53,221 - process_api - INFO - run step: "select_trade_code_record"
2024-01-29 15:30:53,221 - process_api - INFO - perform dbl_click on #tradeCode-lookup .items-container-parent .grid-row
2024-01-29 15:30:53,580 - process_api - INFO - run step: "wait_for_staff_member_code_to_be_visible"
2024-01-29 15:30:53,580 - process_api - INFO - wait for element: {'query': "#planning [data-field='model.staffMemberCode'] #btnLookup"}
2024-01-29 15:30:53,753 - process_api - INFO - run step: "click_staff_member_code_lookup"
2024-01-29 15:30:53,753 - process_api - INFO - perform click on [data-field='model.staffMemberCode'] #btnLookup
2024-01-29 15:30:53,846 - process_api - INFO - run step: "wait_for_staff_member_code_lookup_to_be_visible"
2024-01-29 15:30:53,846 - process_api - INFO - wait for element: {'query': '#staffMemberCode-lookup .items-container-parent .grid-row'}
2024-01-29 15:30:54,086 - process_api - INFO - run step: "select_staff_member_code_record"
2024-01-29 15:30:54,086 - process_api - INFO - perform dbl_click on #staffMemberCode-lookup .items-container-parent .grid-row
2024-01-29 15:30:54,441 - process_api - INFO - run step: "wait_for_save_and_close"
2024-01-29 15:30:54,441 - process_api - INFO - wait for element: {'query': 'dynamic-create pragma-action-button#primary'}
2024-01-29 15:30:54,621 - process_api - INFO - run step: "click_save_and_close"
2024-01-29 15:30:54,621 - process_api - INFO - perform click on dynamic-create pragma-action-button#primary
2024-01-29 15:30:54,706 - process_api - INFO - run step: "wait_for_work_order_to_be_created"
2024-01-29 15:30:54,706 - process_api - INFO - wait for attribute: {'query': 'pragma-advanced-grid#dashboard-grid', 'attr': 'data-loaded', 'value': 'true'}
2024-01-29 15:30:54,750 - process_api - INFO - run step: "filter_work_order_record"
2024-01-29 15:30:54,750 - process_api - INFO - template: filterRecord filter_for_record {'fetch_all_records_selector': "[for='dashboard-grid'] #prepared-fetch", 'filter_button_selector': '.dashboard pr-responsive-dropdown#rd-3 #search-button', 'filter_input_selector': ".dashboard pr-responsive-dropdown#rd-3 pragma-filter input[type='search']", 'filter_value': '3756311f-b74f-4146-93e9-d320c96d9146', 'internal_filter_btn_selector': '.dashboard pr-responsive-dropdown#rd-3 #filter'}
2024-01-29 15:30:54,750 - process_api - INFO - run step: "start"
2024-01-29 15:30:54,750 - process_api - INFO - perform click on [for='dashboard-grid'] #prepared-fetch
2024-01-29 15:30:54,960 - process_api - INFO - run step: "wait_for_data_loaded"
2024-01-29 15:30:54,960 - process_api - INFO - wait for time: {'timeout': 3}
2024-01-29 15:30:57,963 - process_api - INFO - run step: "click_filter_button_selector"
2024-01-29 15:30:57,963 - process_api - INFO - perform click on .dashboard pr-responsive-dropdown#rd-3 #search-button
2024-01-29 15:30:58,049 - process_api - INFO - run step: "type_in_filter_input"
2024-01-29 15:30:58,049 - process_api - INFO - perform type_text {'query': ".dashboard pr-responsive-dropdown#rd-3 pragma-filter input[type='search']", 'value': '3756311f-b74f-4146-93e9-d320c96d9146'}
2024-01-29 15:30:58,689 - process_api - INFO - run step: "filter_records"
2024-01-29 15:30:58,689 - process_api - INFO - perform click on .dashboard pr-responsive-dropdown#rd-3 #filter
2024-01-29 15:30:58,779 - process_api - INFO - run step: "wait_for_filter"
2024-01-29 15:30:58,779 - process_api - INFO - wait for time: {'timeout': 1}
2024-01-29 15:30:59,798 - process_api - INFO - run step: "dblClick_first_wo_record"
2024-01-29 15:30:59,798 - process_api - INFO - perform dbl_click on pragma-advanced-grid#dashboard-grid .grid-row
2024-01-29 15:31:15,540 - process_api - INFO - run step: "wait_for_asset_code_element"
2024-01-29 15:31:15,540 - process_api - INFO - wait for element: {'query': "dynamic-update [id='model.assetCode']"}
2024-01-29 15:31:16,524 - process_api - INFO - run step: "click_tree_lookup"
2024-01-29 15:31:16,524 - process_api - INFO - perform click on dynamic-update [id='model.assetCode'] #btnTreeLookup
2024-01-29 15:31:16,747 - process_api - INFO - run step: "wait_for_asset_tree"
2024-01-29 15:31:16,747 - process_api - INFO - wait for attribute: {'query': '#asset-tree', 'attr': 'status', 'value': 'ready'}
2024-01-29 15:31:17,470 - process_api - INFO - run step: "wait_for_first_asset"
2024-01-29 15:31:17,470 - process_api - INFO - wait for element: {'query': 'asset-tree .tree-item:nth-child(2)'}
2024-01-29 15:31:17,535 - process_api - INFO - run step: "click_asset_expand_arrow"
2024-01-29 15:31:17,535 - process_api - INFO - perform click on asset-tree .tree-item:nth-child(2) .tree-item-actions div
2024-01-29 15:31:17,634 - process_api - INFO - run step: "wait_for_asset"
2024-01-29 15:31:17,635 - process_api - INFO - wait for element: {'query': 'asset-tree .tree-item:nth-child(3) .tree-item-actions div'}
2024-01-29 15:31:17,684 - process_api - INFO - run step: "select_sub_asset"
2024-01-29 15:31:17,684 - process_api - INFO - perform click on asset-tree .tree-item:nth-child(3)
2024-01-29 15:31:17,851 - process_api - INFO - run step: "save_AssetA_assetCode_to_variable"
2024-01-29 15:31:17,851 - process_api - INFO - perform properties_to_variables {'asset-tree .tree-item:nth-child(3) span': {'textContent': '$d{treeItemText}'}}
2024-01-29 15:31:17,902 - process_api - INFO - run step: "click_accept"
2024-01-29 15:31:17,902 - process_api - INFO - perform click on .dialog-footer #accept
2024-01-29 15:31:18,000 - process_api - INFO - run step: "wait_for_asset_code_input"
2024-01-29 15:31:18,000 - process_api - INFO - wait for element: {'query': 'pragma-action-dialog.small #lbl-assetCode'}
2024-01-29 15:31:18,068 - process_api - INFO - run step: "assert_input_value_is_same_as_tree_selection"
2024-01-29 15:31:18,068 - process_api - INFO - assert value_eq: {'query': '#lbl-assetCode', 'value': '[Tasks]'}
2024-01-29 15:31:18,068 - process_api - INFO - wait for text_value: {'query': '#lbl-assetCode', 'value': '[Tasks]'}
2024-01-29 15:31:39,106 - process_api - ERROR - Message: stale element reference: stale element not found
  (Session info: chrome=118.0.5993.70); For documentation on this error, please visit: https://www.selenium.dev/documentation/webdriver/troubleshooting/errors#stale-element-reference-exception
Stacktrace:
	GetHandleVerifier [0x00007FF6B7748EF2+54786]
	(No symbol) [0x00007FF6B76B5612]
	(No symbol) [0x00007FF6B756A64B]
	(No symbol) [0x00007FF6B756F116]
	(No symbol) [0x00007FF6B75714AA]
	(No symbol) [0x00007FF6B75E5394]
	(No symbol) [0x00007FF6B75CBE6A]
	(No symbol) [0x00007FF6B75E4D02]
	(No symbol) [0x00007FF6B75CBC43]
	(No symbol) [0x00007FF6B75A0941]
	(No symbol) [0x00007FF6B75A1B84]
	GetHandleVerifier [0x00007FF6B7A97F52+3524194]
	GetHandleVerifier [0x00007FF6B7AED800+3874576]
	GetHandleVerifier [0x00007FF6B7AE5D7F+3843215]
	GetHandleVerifier [0x00007FF6B77E5086+694166]
	(No symbol) [0x00007FF6B76C0A88]
	(No symbol) [0x00007FF6B76BCA94]
	(No symbol) [0x00007FF6B76BCBC2]
	(No symbol) [0x00007FF6B76ACC83]
	BaseThreadInitThunk [0x00007FFFF257257D+29]
	RtlUserThreadStart [0x00007FFFF326AA58+40]

2024-01-29 15:31:39,106 - process_api - ERROR - Traceback (most recent call last):
  File "C:\PragmaDev\ui_testing_service\venv\lib\site-packages\selenium\webdriver\remote\webelement.py", line 131, in get_property
    return self._execute(Command.GET_ELEMENT_PROPERTY, {"name": name})["value"]
  File "C:\PragmaDev\ui_testing_service\venv\lib\site-packages\selenium\webdriver\remote\webelement.py", line 395, in _execute
    return self._parent.execute(command, params)
  File "C:\PragmaDev\ui_testing_service\venv\lib\site-packages\selenium\webdriver\remote\webdriver.py", line 347, in execute
    self.error_handler.check_response(response)
  File "C:\PragmaDev\ui_testing_service\venv\lib\site-packages\selenium\webdriver\remote\errorhandler.py", line 229, in check_response
    raise exception_class(message, screen, stacktrace)
selenium.common.exceptions.StaleElementReferenceException: Message: stale element reference: stale element not found
  (Session info: chrome=118.0.5993.70); For documentation on this error, please visit: https://www.selenium.dev/documentation/webdriver/troubleshooting/errors#stale-element-reference-exception
Stacktrace:
	GetHandleVerifier [0x00007FF6B7748EF2+54786]
	(No symbol) [0x00007FF6B76B5612]
	(No symbol) [0x00007FF6B756A64B]
	(No symbol) [0x00007FF6B756F116]
	(No symbol) [0x00007FF6B757115F]
	(No symbol) [0x00007FF6B7571250]
	(No symbol) [0x00007FF6B75A4B78]
	(No symbol) [0x00007FF6B75CBE6A]
	(No symbol) [0x00007FF6B75A22E6]
	(No symbol) [0x00007FF6B75CC080]
	(No symbol) [0x00007FF6B75E4D02]
	(No symbol) [0x00007FF6B75CBC43]
	(No symbol) [0x00007FF6B75A0941]
	(No symbol) [0x00007FF6B75A1B84]
	GetHandleVerifier [0x00007FF6B7A97F52+3524194]
	GetHandleVerifier [0x00007FF6B7AED800+3874576]
	GetHandleVerifier [0x00007FF6B7AE5D7F+3843215]
	GetHandleVerifier [0x00007FF6B77E5086+694166]
	(No symbol) [0x00007FF6B76C0A88]
	(No symbol) [0x00007FF6B76BCA94]
	(No symbol) [0x00007FF6B76BCBC2]
	(No symbol) [0x00007FF6B76ACC83]
	BaseThreadInitThunk [0x00007FFFF257257D+29]
	RtlUserThreadStart [0x00007FFFF326AA58+40]


During handling of the above exception, another exception occurred:

Traceback (most recent call last):
  File "C:\PragmaDev\ui_testing_service\process_api\__init__.py", line 82, in run
    return await self.process_runner.run_step(self, step, ctx, process, item, callback)
  File "C:\PragmaDev\ui_testing_service\process_api\process_runner.py", line 53, in run_step
    return await self.run_step(api, next_step, ctx, process, item, callback)
  File "C:\PragmaDev\ui_testing_service\process_api\process_runner.py", line 53, in run_step
    return await self.run_step(api, next_step, ctx, process, item, callback)
  File "C:\PragmaDev\ui_testing_service\process_api\process_runner.py", line 53, in run_step
    return await self.run_step(api, next_step, ctx, process, item, callback)
  [Previous line repeated 14 more times]
  File "C:\PragmaDev\ui_testing_service\process_api\process_runner.py", line 32, in run_step
    result = await function(api, step, ctx, process, item)
  File "C:\PragmaDev\ui_testing_service\process_api\modules\selenium\modules\selenium_assert.py", line 146, in value_eq
    await WaitModule.text_value(api, step, ctx, process, item)
  File "C:\PragmaDev\ui_testing_service\process_api\modules\selenium\modules\selenium_wait.py", line 102, in text_value
    await wait_for_element_details(api, step, element_property_callback, ctx, process, item)
  File "C:\PragmaDev\ui_testing_service\process_api\modules\selenium\modules\selenium_wait.py", line 21, in wait_for_element_details
    WebDriverWait(selenium_driver, timeout).until(callback(element, args))
  File "C:\PragmaDev\ui_testing_service\venv\lib\site-packages\selenium\webdriver\support\wait.py", line 96, in until
    value = method(self._driver)
  File "C:\PragmaDev\ui_testing_service\process_api\modules\selenium\condition_callbacks\element_property_callback.py", line 8, in _predicate
    value = element.get_property(prop)
  File "C:\PragmaDev\ui_testing_service\venv\lib\site-packages\selenium\webdriver\remote\webelement.py", line 134, in get_property
    return self.parent.execute_script("return arguments[0][arguments[1]]", self, name)
  File "C:\PragmaDev\ui_testing_service\venv\lib\site-packages\selenium\webdriver\remote\webdriver.py", line 407, in execute_script
    return self.execute(command, {"script": script, "args": converted_args})["value"]
  File "C:\PragmaDev\ui_testing_service\venv\lib\site-packages\selenium\webdriver\remote\webdriver.py", line 347, in execute
    self.error_handler.check_response(response)
  File "C:\PragmaDev\ui_testing_service\venv\lib\site-packages\selenium\webdriver\remote\errorhandler.py", line 229, in check_response
    raise exception_class(message, screen, stacktrace)
selenium.common.exceptions.StaleElementReferenceException: Message: stale element reference: stale element not found
  (Session info: chrome=118.0.5993.70); For documentation on this error, please visit: https://www.selenium.dev/documentation/webdriver/troubleshooting/errors#stale-element-reference-exception
Stacktrace:
	GetHandleVerifier [0x00007FF6B7748EF2+54786]
	(No symbol) [0x00007FF6B76B5612]
	(No symbol) [0x00007FF6B756A64B]
	(No symbol) [0x00007FF6B756F116]
	(No symbol) [0x00007FF6B75714AA]
	(No symbol) [0x00007FF6B75E5394]
	(No symbol) [0x00007FF6B75CBE6A]
	(No symbol) [0x00007FF6B75E4D02]
	(No symbol) [0x00007FF6B75CBC43]
	(No symbol) [0x00007FF6B75A0941]
	(No symbol) [0x00007FF6B75A1B84]
	GetHandleVerifier [0x00007FF6B7A97F52+3524194]
	GetHandleVerifier [0x00007FF6B7AED800+3874576]
	GetHandleVerifier [0x00007FF6B7AE5D7F+3843215]
	GetHandleVerifier [0x00007FF6B77E5086+694166]
	(No symbol) [0x00007FF6B76C0A88]
	(No symbol) [0x00007FF6B76BCA94]
	(No symbol) [0x00007FF6B76BCBC2]
	(No symbol) [0x00007FF6B76ACC83]
	BaseThreadInitThunk [0x00007FFFF257257D+29]
	RtlUserThreadStart [0x00007FFFF326AA58+40]


2024-01-29 15:31:39,385 - process_api - INFO - Task 1aa856d0-d95b-4209-aec1-5210b5c59af5 completed in 00:00:59:403
